Build started 3/27/2017 6:36:15 PM.
     1>Project "C:\Users\costi\Desktop\Probleme lab OOP\Lab4Clase\Lab4Clase\Lab4Clase.vcxproj" on node 2 (Build target(s)).
     1>ClCompile:
         C:\Program Files (x86)\Microsoft Visual Studio 12.0\VC\bin\CL.exe /c /ZI /nologo /W3 /WX- /sdl /Od /Oy- /D WIN32 /D _DEBUG /D _CONSOLE /D _LIB /D _UNICODE /D UNICODE /Gm /EHsc /RTC1 /MDd /GS /fp:precise /Zc:wchar_t /Zc:forScope /Yc"stdafx.h" /Fp"Debug\Lab4Clase.pch" /Fo"Debug\\" /Fd"Debug\vc120.pdb" /Gd /TP /analyze- /errorReport:prompt clase.cpp
         clase.cpp
     1>c:\program files (x86)\microsoft visual studio 12.0\vc\include\xlocnum(155): error C2857: '#include' statement specified with the /Ycstdafx.h command-line option was not found in the source file
     1>Done Building Project "C:\Users\costi\Desktop\Probleme lab OOP\Lab4Clase\Lab4Clase\Lab4Clase.vcxproj" (Build target(s)) -- FAILED.

Build FAILED.

Time Elapsed 00:00:01.63
